android/build/outputs/logs/manifest-merger-debug-report.txt
-- Merging decision tree log ---
manifest
ADDED from ManhuntApp\android\AndroidManifest.xml:2:1-32:12
INJECTED from ManhuntApp\android\AndroidManifest.xml:2:1-32:12
INJECTED from ManhuntApp\android\AndroidManifest.xml:2:1-32:12
INJECTED from ManhuntApp\android\AndroidManifest.xml:2:1-32:12
MERGED from [androidx.appcompat:appcompat:1.1.0] AndroidManifest.xml:17:1-24:12
MERGED from [androidx.constraintlayout:constraintlayout:1.1.3] AndroidManifest.xml:2:1-11:12
MERGED from [androidx.fragment:fragment:1.1.0] AndroidManifest.xml:17:1-24:12
MERGED from [androidx.appcompat:appcompat-resources:1.1.0] AndroidManifest.xml:17:1-24:12
MERGED from [androidx.drawerlayout:drawerlayout:1.0.0] AndroidManifest.xml:17:1-22:12
MERGED from [androidx.viewpager:viewpager:1.0.0] AndroidManifest.xml:17:1-22:12
MERGED from [androidx.loader:loader:1.0.0] AndroidManifest.xml:17:1-22:12
MERGED from [androidx.activity:activity:1.0.0] AndroidManifest.xml:17:1-24:12
MERGED from [androidx.vectordrawable:vectordrawable-animated:1.1.0] AndroidManifest.xml:17:1-24:12
MERGED from [androidx.vectordrawable:vectordrawable:1.1.0] AndroidManifest.xml:17:1-24:12
MERGED from [androidx.customview:customview:1.0.0] AndroidManifest.xml:17:1-22:12
MERGED from [androidx.core:core:1.1.0] AndroidManifest.xml:17:1-26:12
MERGED from [androidx.cursoradapter:cursoradapter:1.0.0] AndroidManifest.xml:17:1-22:12
MERGED from [androidx.versionedparcelable:versionedparcelable:1.1.0] AndroidManifest.xml:17:1-27:12
MERGED from [androidx.lifecycle:lifecycle-runtime:2.1.0] AndroidManifest.xml:17:1-22:12
MERGED from [androidx.lifecycle:lifecycle-viewmodel:2.1.0] AndroidManifest.xml:17:1-22:12
MERGED from [androidx.savedstate:savedstate:1.0.0] AndroidManifest.xml:17:1-24:12
MERGED from [androidx.interpolator:interpolator:1.0.0] AndroidManifest.xml:17:1-22:12
MERGED from [androidx.lifecycle:lifecycle-livedata:2.0.0] AndroidManifest.xml:17:1-22:12
MERGED from [androidx.lifecycle:lifecycle-livedata-core:2.0.0] AndroidManifest.xml:17:1-22:12
MERGED from [androidx.arch.core:core-runtime:2.0.0] AndroidManifest.xml:17:1-22:12
INJECTED from ManhuntApp\android\AndroidManifest.xml:2:1-32:12
INJECTED from ManhuntApp\android\AndroidManifest.xml:2:1-32:12
INJECTED from ManhuntApp\android\AndroidManifest.xml:2:1-32:12
	package
		ADDED from ManhuntApp\android\AndroidManifest.xml:3:5-30
		INJECTED from ManhuntApp\android\AndroidManifest.xml
		INJECTED from ManhuntApp\android\AndroidManifest.xml
	android:versionName
		INJECTED from ManhuntApp\android\AndroidManifest.xml
		ADDED from ManhuntApp\android\AndroidManifest.xml:2:1-32:12
		INJECTED from ManhuntApp\android\AndroidManifest.xml
	android:versionCode
		INJECTED from ManhuntApp\android\AndroidManifest.xml
		ADDED from ManhuntApp\android\AndroidManifest.xml:2:1-32:12
		INJECTED from ManhuntApp\android\AndroidManifest.xml
	xmlns:android
		ADDED from ManhuntApp\android\AndroidManifest.xml:2:11-69
uses-permission#android.permission.ACCESS_COARSE_LOCATION
ADDED from ManhuntApp\android\AndroidManifest.xml:5:5-81
	android:name
		ADDED from ManhuntApp\android\AndroidManifest.xml:5:22-78
uses-permission#android.permission.ACCESS_FINE_LOCATION
ADDED from ManhuntApp\android\AndroidManifest.xml:6:5-79
	android:name
		ADDED from ManhuntApp\android\AndroidManifest.xml:6:22-76
uses-permission#android.permission.INTERNET
ADDED from ManhuntApp\android\AndroidManifest.xml:7:5-67
	android:name
		ADDED from ManhuntApp\android\AndroidManifest.xml:7:22-64
uses-permission#android.permission.VIBRATE
ADDED from ManhuntApp\android\AndroidManifest.xml:8:5-66
	android:name
		ADDED from ManhuntApp\android\AndroidManifest.xml:8:22-63
uses-permission#android.permission.ACCESS_WIFI_STATE
ADDED from ManhuntApp\android\AndroidManifest.xml:9:5-75
	android:name
		ADDED from ManhuntApp\android\AndroidManifest.xml:9:22-73
uses-permission#android.permission.FOREGROUND_SERVICE
ADDED from ManhuntApp\android\AndroidManifest.xml:10:5-76
	android:name
		ADDED from ManhuntApp\android\AndroidManifest.xml:10:22-74
application
ADDED from ManhuntApp\android\AndroidManifest.xml:11:5-30:19
MERGED from [androidx.constraintlayout:constraintlayout:1.1.3] AndroidManifest.xml:9:5-20
MERGED from [androidx.constraintlayout:constraintlayout:1.1.3] AndroidManifest.xml:9:5-20
MERGED from [androidx.core:core:1.1.0] AndroidManifest.xml:24:5-89
MERGED from [androidx.core:core:1.1.0] AndroidManifest.xml:24:5-89
MERGED from [androidx.versionedparcelable:versionedparcelable:1.1.0] AndroidManifest.xml:24:5-25:19
MERGED from [androidx.versionedparcelable:versionedparcelable:1.1.0] AndroidManifest.xml:24:5-25:19
	android:appComponentFactory
		ADDED from [androidx.core:core:1.1.0] AndroidManifest.xml:24:18-86
	android:label
		ADDED from ManhuntApp\android\AndroidManifest.xml:16:9-41
	android:appCategory
		ADDED from ManhuntApp\android\AndroidManifest.xml:15:9-35
	android:icon
		ADDED from ManhuntApp\android\AndroidManifest.xml:13:9-45
	android:allowBackup
		ADDED from ManhuntApp\android\AndroidManifest.xml:12:9-35
	android:theme
		ADDED from ManhuntApp\android\AndroidManifest.xml:17:9-40
	android:isGame
		ADDED from ManhuntApp\android\AndroidManifest.xml:14:9-30
service#manhuntgame.app.LocationService
ADDED from ManhuntApp\android\AndroidManifest.xml:18:9-52
	android:name
		ADDED from ManhuntApp\android\AndroidManifest.xml:18:18-49
activity#manhuntgame.app.AndroidLauncher
ADDED from ManhuntApp\android\AndroidManifest.xml:19:9-28:20
	android:screenOrientation
		ADDED from ManhuntApp\android\AndroidManifest.xml:22:13-49
	android:label
		ADDED from ManhuntApp\android\AndroidManifest.xml:21:13-45
	android:configChanges
		ADDED from ManhuntApp\android\AndroidManifest.xml:23:13-107
	android:name
		ADDED from ManhuntApp\android\AndroidManifest.xml:20:13-59
intent-filter#action:name:android.intent.action.MAIN+category:name:android.intent.category.LAUNCHER
ADDED from ManhuntApp\android\AndroidManifest.xml:24:13-27:29
action#android.intent.action.MAIN
ADDED from ManhuntApp\android\AndroidManifest.xml:25:17-69
	android:name
		ADDED from ManhuntApp\android\AndroidManifest.xml:25:25-66
category#android.intent.category.LAUNCHER
ADDED from ManhuntApp\android\AndroidManifest.xml:26:17-77
	android:name
		ADDED from ManhuntApp\android\AndroidManifest.xml:26:27-74
activity#manhuntgame.app.CompassActivity
ADDED from ManhuntApp\android\AndroidManifest.xml:29:9-52
	android:name
		ADDED from ManhuntApp\android\AndroidManifest.xml:29:19-50
uses-sdk
INJECTED from ManhuntApp\android\AndroidManifest.xml reason: use-sdk injection requested
INJECTED from ManhuntApp\android\AndroidManifest.xml
INJECTED from ManhuntApp\android\AndroidManifest.xml
MERGED from [androidx.appcompat:appcompat:1.1.0] AndroidManifest.xml:20:5-22:41
MERGED from [androidx.appcompat:appcompat:1.1.0] AndroidManifest.xml:20:5-22:41
MERGED from [androidx.constraintlayout:constraintlayout:1.1.3] AndroidManifest.xml:5:5-7:41
MERGED from [androidx.constraintlayout:constraintlayout:1.1.3] AndroidManifest.xml:5:5-7:41
MERGED from [androidx.fragment:fragment:1.1.0] AndroidManifest.xml:20:5-22:41
MERGED from [androidx.fragment:fragment:1.1.0] AndroidManifest.xml:20:5-22:41
MERGED from [androidx.appcompat:appcompat-resources:1.1.0] AndroidManifest.xml:20:5-22:41
MERGED from [androidx.appcompat:appcompat-resources:1.1.0] AndroidManifest.xml:20:5-22:41
MERGED from [androidx.drawerlayout:drawerlayout:1.0.0] AndroidManifest.xml:20:5-44
MERGED from [androidx.drawerlayout:drawerlayout:1.0.0] AndroidManifest.xml:20:5-44
MERGED from [androidx.viewpager:viewpager:1.0.0] AndroidManifest.xml:20:5-44
MERGED from [androidx.viewpager:viewpager:1.0.0] AndroidManifest.xml:20:5-44
MERGED from [androidx.loader:loader:1.0.0] AndroidManifest.xml:20:5-44
MERGED from [androidx.loader:loader:1.0.0] AndroidManifest.xml:20:5-44
MERGED from [androidx.activity:activity:1.0.0] AndroidManifest.xml:20:5-22:41
MERGED from [androidx.activity:activity:1.0.0] AndroidManifest.xml:20:5-22:41
MERGED from [androidx.vectordrawable:vectordrawable-animated:1.1.0] AndroidManifest.xml:20:5-22:41
MERGED from [androidx.vectordrawable:vectordrawable-animated:1.1.0] AndroidManifest.xml:20:5-22:41
MERGED from [androidx.vectordrawable:vectordrawable:1.1.0] AndroidManifest.xml:20:5-22:41
MERGED from [androidx.vectordrawable:vectordrawable:1.1.0] AndroidManifest.xml:20:5-22:41
MERGED from [androidx.customview:customview:1.0.0] AndroidManifest.xml:20:5-44
MERGED from [androidx.customview:customview:1.0.0] AndroidManifest.xml:20:5-44
MERGED from [androidx.core:core:1.1.0] AndroidManifest.xml:20:5-22:41
MERGED from [androidx.core:core:1.1.0] AndroidManifest.xml:20:5-22:41
MERGED from [androidx.cursoradapter:cursoradapter:1.0.0] AndroidManifest.xml:20:5-44
MERGED from [androidx.cursoradapter:cursoradapter:1.0.0] AndroidManifest.xml:20:5-44
MERGED from [androidx.versionedparcelable:versionedparcelable:1.1.0] AndroidManifest.xml:20:5-22:41
MERGED from [androidx.versionedparcelable:versionedparcelable:1.1.0] AndroidManifest.xml:20:5-22:41
MERGED from [androidx.lifecycle:lifecycle-runtime:2.1.0] AndroidManifest.xml:20:5-44
MERGED from [androidx.lifecycle:lifecycle-runtime:2.1.0] AndroidManifest.xml:20:5-44
MERGED from [androidx.lifecycle:lifecycle-viewmodel:2.1.0] AndroidManifest.xml:20:5-44
MERGED from [androidx.lifecycle:lifecycle-viewmodel:2.1.0] AndroidManifest.xml:20:5-44
MERGED from [androidx.savedstate:savedstate:1.0.0] AndroidManifest.xml:20:5-22:41
MERGED from [androidx.savedstate:savedstate:1.0.0] AndroidManifest.xml:20:5-22:41
MERGED from [androidx.interpolator:interpolator:1.0.0] AndroidManifest.xml:20:5-44
MERGED from [androidx.interpolator:interpolator:1.0.0] AndroidManifest.xml:20:5-44
MERGED from [androidx.lifecycle:lifecycle-livedata:2.0.0] AndroidManifest.xml:20:5-44
MERGED from [androidx.lifecycle:lifecycle-livedata:2.0.0] AndroidManifest.xml:20:5-44
MERGED from [androidx.lifecycle:lifecycle-livedata-core:2.0.0] AndroidManifest.xml:20:5-44
MERGED from [androidx.lifecycle:lifecycle-livedata-core:2.0.0] AndroidManifest.xml:20:5-44
MERGED from [androidx.arch.core:core-runtime:2.0.0] AndroidManifest.xml:20:5-44
MERGED from [androidx.arch.core:core-runtime:2.0.0] AndroidManifest.xml:20:5-44
INJECTED from ManhuntApp\android\AndroidManifest.xml
INJECTED from ManhuntApp\android\AndroidManifest.xml
	android:targetSdkVersion
		INJECTED from ManhuntApp\android\AndroidManifest.xml
		ADDED from ManhuntApp\android\AndroidManifest.xml
		INJECTED from ManhuntApp\android\AndroidManifest.xml
	android:minSdkVersion
		INJECTED from ManhuntApp\android\AndroidManifest.xml
		ADDED from ManhuntApp\android\AndroidManifest.xml
		INJECTED from ManhuntApp\android\AndroidManifest.xml